[2022-05-10 19:56:19] local.ERROR: get_class() expects parameter 1 to be object, null given {"userId":87,"exception":"[object] (ErrorException(code: 0): get_class() expects parameter 1 to be object, null given at Z:\\NIRAV MANDLI\\PROJECTS\\patternsbde.com\\vendor\\yajra\\laravel-datatables-oracle\\src\\DataTables.php:63)
[stacktrace]
#0 [internal function]: Illuminate\\Foundation\\Bootstrap\\HandleExceptions->handleError(2, 'get_class() exp...', 'Z:\\\\NIRAV MANDLI...', 63, Array)
#1 Z:\\NIRAV MANDLI\\PROJECTS\\patternsbde.com\\vendor\\yajra\\laravel-datatables-oracle\\src\\DataTables.php(63): get_class(NULL)
#2 Z:\\NIRAV MANDLI\\PROJECTS\\patternsbde.com\\vendor\\yajra\\laravel-datatables-oracle\\src\\DataTables.php(35): Yajra\\DataTables\\DataTables::make(NULL)
#3 Z:\\NIRAV MANDLI\\PROJECTS\\patternsbde.com\\vendor\\laravel\\framework\\src\\Illuminate\\Support\\Facades\\Facade.php(239): Yajra\\DataTables\\DataTables::of(NULL)
#4 Z:\\NIRAV MANDLI\\PROJECTS\\patternsbde.com\\app\\Http\\Controllers\\ClickClientController.php(60): Illuminate\\Support\\Facades\\Facade::__callStatic('of', Array)
#5 [internal function]: App\\Http\\Controllers\\ClickClientController->anydata('ALL')
#6 Z:\\NIRAV MANDLI\\PROJECTS\\patternsbde.com\\vendor\\laravel\\framework\\src\\Illuminate\\Routing\\Controller.php(54): call_user_func_array(Array, Array)
#7 Z:\\NIRAV MANDLI\\PROJECTS\\patternsbde.com\\vendor\\laravel\\framework\\src\\Illuminate\\Routing\\ControllerDispatcher.php(45): Illuminate\\Routing\\Controller->callAction('anydata', Array)
#8 Z:\\NIRAV MANDLI\\PROJECTS\\patternsbde.com\\vendor\\laravel\\framework\\src\\Illuminate\\Routing\\Route.php(219): Illuminate\\Routing\\ControllerDispatcher->dispatch(Object(Illuminate\\Routing\\Route), Object(App\\Http\\Controllers\\ClickClientController), 'anydata')
#9 Z:\\NIRAV MANDLI\\PROJECTS\\patternsbde.com\\vendor\\laravel\\framework\\src\\Illuminate\\Routing\\Route.php(176): Illuminate\\Routing\\Route->runController()
#10 Z:\\NIRAV MANDLI\\PROJECTS\\patternsbde.com\\vendor\\laravel\\framework\\src\\Illuminate\\Routing\\Router.php(680): Illuminate\\Routing\\Route->run()
#11 Z:\\NIRAV MANDLI\\PROJECTS\\patternsbde.com\\vendor\\laravel\\framework\\src\\Illuminate\\Routing\\Pipeline.php(30): Illuminate\\Routing\\Router->Illuminate\\Routing\\{closure}(Object(Illuminate\\Http\\Request))
#12 Z:\\NIRAV MANDLI\\PROJECTS\\patternsbde.com\\vendor\\laravel\\framework\\src\\Illuminate\\Routing\\Middleware\\SubstituteBindings.php(41): Illuminate\\Routing\\Pipeline->Illuminate\\Routing\\{closure}(Object(Illuminate\\Http\\Request))
#13 Z:\\NIRAV MANDLI\\PROJECTS\\patternsbde.com\\vendor\\laravel\\framework\\src\\Illuminate\\Pipeline\\Pipeline.php(163): Illuminate\\Routing\\Middleware\\SubstituteBindings->handle(Object(Illuminate\\Http\\Request), Object(Closure))
#14 Z:\\NIRAV MANDLI\\PROJECTS\\patternsbde.com\\vendor\\laravel\\framework\\src\\Illuminate\\Routing\\Pipeline.php(53): Illuminate\\Pipeline\\Pipeline->Illuminate\\Pipeline\\{closure}(Object(Illuminate\\Http\\Request))
#15 Z:\\NIRAV MANDLI\\PROJECTS\\patternsbde.com\\vendor\\laravel\\framework\\src\\Illuminate\\Foundation\\Http\\Middleware\\VerifyCsrfToken.php(75): Illuminate\\Routing\\Pipeline->Illuminate\\Routing\\{closure}(Object(Illuminate\\Http\\Request))
#16 Z:\\NIRAV MANDLI\\PROJECTS\\patternsbde.com\\vendor\\laravel\\framework\\src\\Illuminate\\Pipeline\\Pipeline.php(163): Illuminate\\Foundation\\Http\\Middleware\\VerifyCsrfToken->handle(Object(Illuminate\\Http\\Request), Object(Closure))
#17 Z:\\NIRAV MANDLI\\PROJECTS\\patternsbde.com\\vendor\\laravel\\framework\\src\\Illuminate\\Routing\\Pipeline.php(53): Illuminate\\Pipeline\\Pipeline->Illuminate\\Pipeline\\{closure}(Object(Illuminate\\Http\\Request))
#18 Z:\\NIRAV MANDLI\\PROJECTS\\patternsbde.com\\vendor\\laravel\\framework\\src\\Illuminate\\View\\Middleware\\ShareErrorsFromSession.php(49): Illuminate\\Routing\\Pipeline->Illuminate\\Routing\\{closure}(Object(Illuminate\\Http\\Request))
#19 Z:\\NIRAV MANDLI\\PROJECTS\\patternsbde.com\\vendor\\laravel\\framework\\src\\Illuminate\\Pipeline\\Pipeline.php(163): Illuminate\\View\\Middleware\\ShareErrorsFromSession->handle(Object(Illuminate\\Http\\Request), Object(Closure))
#20 Z:\\NIRAV MANDLI\\PROJECTS\\patternsbde.com\\vendor\\laravel\\framework\\src\\Illuminate\\Routing\\Pipeline.php(53): Illuminate\\Pipeline\\Pipeline->Illuminate\\Pipeline\\{closure}(Object(Illuminate\\Http\\Request))
#21 Z:\\NIRAV MANDLI\\PROJECTS\\patternsbde.com\\vendor\\laravel\\framework\\src\\Illuminate\\Session\\Middleware\\StartSession.php(56): Illuminate\\Routing\\Pipeline->Illuminate\\Routing\\{closure}(Object(Illuminate\\Http\\Request))
#22 Z:\\NIRAV MANDLI\\PROJECTS\\patternsbde.com\\vendor\\laravel\\framework\\src\\Illuminate\\Pipeline\\Pipeline.php(163): Illuminate\\Session\\Middleware\\StartSession->handle(Object(Illuminate\\Http\\Request), Object(Closure))
#23 Z:\\NIRAV MANDLI\\PROJECTS\\patternsbde.com\\vendor\\laravel\\framework\\src\\Illuminate\\Routing\\Pipeline.php(53): Illuminate\\Pipeline\\Pipeline->Illuminate\\Pipeline\\{closure}(Object(Illuminate\\Http\\Request))
#24 Z:\\NIRAV MANDLI\\PROJECTS\\patternsbde.com\\vendor\\laravel\\framework\\src\\Illuminate\\Cookie\\Middleware\\AddQueuedCookiesToResponse.php(37): Illuminate\\Routing\\Pipeline->Illuminate\\Routing\\{closure}(Object(Illuminate\\Http\\Request))
#25 Z:\\NIRAV MANDLI\\PROJECTS\\patternsbde.com\\vendor\\laravel\\framework\\src\\Illuminate\\Pipeline\\Pipeline.php(163): Illuminate\\Cookie\\Middleware\\AddQueuedCookiesToResponse->handle(Object(Illuminate\\Http\\Request), Object(Closure))
#26 Z:\\NIRAV MANDLI\\PROJECTS\\patternsbde.com\\vendor\\laravel\\framework\\src\\Illuminate\\Routing\\Pipeline.php(53): Illuminate\\Pipeline\\Pipeline->Illuminate\\Pipeline\\{closure}(Object(Illuminate\\Http\\Request))
#27 Z:\\NIRAV MANDLI\\PROJECTS\\patternsbde.com\\vendor\\laravel\\framework\\src\\Illuminate\\Cookie\\Middleware\\EncryptCookies.php(66): Illuminate\\Routing\\Pipeline->Illuminate\\Routing\\{closure}(Object(Illuminate\\Http\\Request))
#28 Z:\\NIRAV MANDLI\\PROJECTS\\patternsbde.com\\vendor\\laravel\\framework\\src\\Illuminate\\Pipeline\\Pipeline.php(163): Illuminate\\Cookie\\Middleware\\EncryptCookies->handle(Object(Illuminate\\Http\\Request), Object(Closure))
#29 Z:\\NIRAV MANDLI\\PROJECTS\\patternsbde.com\\vendor\\laravel\\framework\\src\\Illuminate\\Routing\\Pipeline.php(53): Illuminate\\Pipeline\\Pipeline->Illuminate\\Pipeline\\{closure}(Object(Illuminate\\Http\\Request))
#30 Z:\\NIRAV MANDLI\\PROJECTS\\patternsbde.com\\vendor\\laravel\\framework\\src\\Illuminate\\Pipeline\\Pipeline.php(104): Illuminate\\Routing\\Pipeline->Illuminate\\Routing\\{closure}(Object(Illuminate\\Http\\Request))
#31 Z:\\NIRAV MANDLI\\PROJECTS\\patternsbde.com\\vendor\\laravel\\framework\\src\\Illuminate\\Routing\\Router.php(682): Illuminate\\Pipeline\\Pipeline->then(Object(Closure))
#32 Z:\\NIRAV MANDLI\\PROJECTS\\patternsbde.com\\vendor\\laravel\\framework\\src\\Illuminate\\Routing\\Router.php(657): Illuminate\\Routing\\Router->runRouteWithinStack(Object(Illuminate\\Routing\\Route), Object(Illuminate\\Http\\Request))
#33 Z:\\NIRAV MANDLI\\PROJECTS\\patternsbde.com\\vendor\\laravel\\framework\\src\\Illuminate\\Routing\\Router.php(623): Illuminate\\Routing\\Router->runRoute(Object(Illuminate\\Http\\Request), Object(Illuminate\\Routing\\Route))
#34 Z:\\NIRAV MANDLI\\PROJECTS\\patternsbde.com\\vendor\\laravel\\framework\\src\\Illuminate\\Routing\\Router.php(612): Illuminate\\Routing\\Router->dispatchToRoute(Object(Illuminate\\Http\\Request))
#35 Z:\\NIRAV MANDLI\\PROJECTS\\patternsbde.com\\vendor\\laravel\\framework\\src\\Illuminate\\Foundation\\Http\\Kernel.php(176): Illuminate\\Routing\\Router->dispatch(Object(Illuminate\\Http\\Request))
#36 Z:\\NIRAV MANDLI\\PROJECTS\\patternsbde.com\\vendor\\laravel\\framework\\src\\Illuminate\\Routing\\Pipeline.php(30): Illuminate\\Foundation\\Http\\Kernel->Illuminate\\Foundation\\Http\\{closure}(Object(Illuminate\\Http\\Request))
#37 Z:\\NIRAV MANDLI\\PROJECTS\\patternsbde.com\\vendor\\laravel\\framework\\src\\Illuminate\\Foundation\\Http\\Middleware\\TransformsRequest.php(21): Illuminate\\Routing\\Pipeline->Illuminate\\Routing\\{closure}(Object(Illuminate\\Http\\Request))
#38 Z:\\NIRAV MANDLI\\PROJECTS\\patternsbde.com\\vendor\\laravel\\framework\\src\\Illuminate\\Pipeline\\Pipeline.php(163): Illuminate\\Foundation\\Http\\Middleware\\TransformsRequest->handle(Object(Illuminate\\Http\\Request), Object(Closure))
#39 Z:\\NIRAV MANDLI\\PROJECTS\\patternsbde.com\\vendor\\laravel\\framework\\src\\Illuminate\\Routing\\Pipeline.php(53): Illuminate\\Pipeline\\Pipeline->Illuminate\\Pipeline\\{closure}(Object(Illuminate\\Http\\Request))
#40 Z:\\NIRAV MANDLI\\PROJECTS\\patternsbde.com\\vendor\\laravel\\framework\\src\\Illuminate\\Foundation\\Http\\Middleware\\TransformsRequest.php(21): Illuminate\\Routing\\Pipeline->Illuminate\\Routing\\{closure}(Object(Illuminate\\Http\\Request))
#41 Z:\\NIRAV MANDLI\\PROJECTS\\patternsbde.com\\vendor\\laravel\\framework\\src\\Illuminate\\Pipeline\\Pipeline.php(163): Illuminate\\Foundation\\Http\\Middleware\\TransformsRequest->handle(Object(Illuminate\\Http\\Request), Object(Closure))
#42 Z:\\NIRAV MANDLI\\PROJECTS\\patternsbde.com\\vendor\\laravel\\framework\\src\\Illuminate\\Routing\\Pipeline.php(53): Illuminate\\Pipeline\\Pipeline->Illuminate\\Pipeline\\{closure}(Object(Illuminate\\Http\\Request))
#43 Z:\\NIRAV MANDLI\\PROJECTS\\patternsbde.com\\vendor\\laravel\\framework\\src\\Illuminate\\Foundation\\Http\\Middleware\\ValidatePostSize.php(27): Illuminate\\Routing\\Pipeline->Illuminate\\Routing\\{closure}(Object(Illuminate\\Http\\Request))
#44 Z:\\NIRAV MANDLI\\PROJECTS\\patternsbde.com\\vendor\\laravel\\framework\\src\\Illuminate\\Pipeline\\Pipeline.php(163): Illuminate\\Foundation\\Http\\Middleware\\ValidatePostSize->handle(Object(Illuminate\\Http\\Request), Object(Closure))
#45 Z:\\NIRAV MANDLI\\PROJECTS\\patternsbde.com\\vendor\\laravel\\framework\\src\\Illuminate\\Routing\\Pipeline.php(53): Illuminate\\Pipeline\\Pipeline->Illuminate\\Pipeline\\{closure}(Object(Illuminate\\Http\\Request))
#46 Z:\\NIRAV MANDLI\\PROJECTS\\patternsbde.com\\vendor\\laravel\\framework\\src\\Illuminate\\Foundation\\Http\\Middleware\\CheckForMaintenanceMode.php(62): Illuminate\\Routing\\Pipeline->Illuminate\\Routing\\{closure}(Object(Illuminate\\Http\\Request))
#47 Z:\\NIRAV MANDLI\\PROJECTS\\patternsbde.com\\vendor\\laravel\\framework\\src\\Illuminate\\Pipeline\\Pipeline.php(163): Illuminate\\Foundation\\Http\\Middleware\\CheckForMaintenanceMode->handle(Object(Illuminate\\Http\\Request), Object(Closure))
#48 Z:\\NIRAV MANDLI\\PROJECTS\\patternsbde.com\\vendor\\laravel\\framework\\src\\Illuminate\\Routing\\Pipeline.php(53): Illuminate\\Pipeline\\Pipeline->Illuminate\\Pipeline\\{closure}(Object(Illuminate\\Http\\Request))
#49 Z:\\NIRAV MANDLI\\PROJECTS\\patternsbde.com\\vendor\\fideloper\\proxy\\src\\TrustProxies.php(57): Illuminate\\Routing\\Pipeline->Illuminate\\Routing\\{closure}(Object(Illuminate\\Http\\Request))
#50 Z:\\NIRAV MANDLI\\PROJECTS\\patternsbde.com\\vendor\\laravel\\framework\\src\\Illuminate\\Pipeline\\Pipeline.php(163): Fideloper\\Proxy\\TrustProxies->handle(Object(Illuminate\\Http\\Request), Object(Closure))
#51 Z:\\NIRAV MANDLI\\PROJECTS\\patternsbde.com\\vendor\\laravel\\framework\\src\\Illuminate\\Routing\\Pipeline.php(53): Illuminate\\Pipeline\\Pipeline->Illuminate\\Pipeline\\{closure}(Object(Illuminate\\Http\\Request))
#52 Z:\\NIRAV MANDLI\\PROJECTS\\patternsbde.com\\vendor\\laravel\\framework\\src\\Illuminate\\Pipeline\\Pipeline.php(104): Illuminate\\Routing\\Pipeline->Illuminate\\Routing\\{closure}(Object(Illuminate\\Http\\Request))
#53 Z:\\NIRAV MANDLI\\PROJECTS\\patternsbde.com\\vendor\\laravel\\framework\\src\\Illuminate\\Foundation\\Http\\Kernel.php(151): Illuminate\\Pipeline\\Pipeline->then(Object(Closure))
#54 Z:\\NIRAV MANDLI\\PROJECTS\\patternsbde.com\\vendor\\laravel\\framework\\src\\Illuminate\\Foundation\\Http\\Kernel.php(116): Illuminate\\Foundation\\Http\\Kernel->sendRequestThroughRouter(Object(Illuminate\\Http\\Request))
#55 Z:\\NIRAV MANDLI\\PROJECTS\\patternsbde.com\\public\\index.php(59): Illuminate\\Foundation\\Http\\Kernel->handle(Object(Illuminate\\Http\\Request))
#56 Z:\\NIRAV MANDLI\\PROJECTS\\patternsbde.com\\server.php(21): require_once('Z:\\\\NIRAV MANDLI...')
#57 {main}
"} 
[2022-05-10 19:56:33] local.ERROR: get_class() expects parameter 1 to be object, null given {"userId":87,"exception":"[object] (ErrorException(code: 0): get_class() expects parameter 1 to be object, null given at Z:\\NIRAV MANDLI\\PROJECTS\\patternsbde.com\\vendor\\yajra\\laravel-datatables-oracle\\src\\DataTables.php:63)
[stacktrace]
#0 [internal function]: Illuminate\\Foundation\\Bootstrap\\HandleExceptions->handleError(2, 'get_class() exp...', 'Z:\\\\NIRAV MANDLI...', 63, Array)
#1 Z:\\NIRAV MANDLI\\PROJECTS\\patternsbde.com\\vendor\\yajra\\laravel-datatables-oracle\\src\\DataTables.php(63): get_class(NULL)
#2 Z:\\NIRAV MANDLI\\PROJECTS\\patternsbde.com\\vendor\\yajra\\laravel-datatables-oracle\\src\\DataTables.php(35): Yajra\\DataTables\\DataTables::make(NULL)
#3 Z:\\NIRAV MANDLI\\PROJECTS\\patternsbde.com\\vendor\\laravel\\framework\\src\\Illuminate\\Support\\Facades\\Facade.php(239): Yajra\\DataTables\\DataTables::of(NULL)
#4 Z:\\NIRAV MANDLI\\PROJECTS\\patternsbde.com\\app\\Http\\Controllers\\ClickClientController.php(60): Illuminate\\Support\\Facades\\Facade::__callStatic('of', Array)
#5 [internal function]: App\\Http\\Controllers\\ClickClientController->anydata('ALL')
#6 Z:\\NIRAV MANDLI\\PROJECTS\\patternsbde.com\\vendor\\laravel\\framework\\src\\Illuminate\\Routing\\Controller.php(54): call_user_func_array(Array, Array)
#7 Z:\\NIRAV MANDLI\\PROJECTS\\patternsbde.com\\vendor\\laravel\\framework\\src\\Illuminate\\Routing\\ControllerDispatcher.php(45): Illuminate\\Routing\\Controller->callAction('anydata', Array)
#8 Z:\\NIRAV MANDLI\\PROJECTS\\patternsbde.com\\vendor\\laravel\\framework\\src\\Illuminate\\Routing\\Route.php(219): Illuminate\\Routing\\ControllerDispatcher->dispatch(Object(Illuminate\\Routing\\Route), Object(App\\Http\\Controllers\\ClickClientController), 'anydata')
#9 Z:\\NIRAV MANDLI\\PROJECTS\\patternsbde.com\\vendor\\laravel\\framework\\src\\Illuminate\\Routing\\Route.php(176): Illuminate\\Routing\\Route->runController()
#10 Z:\\NIRAV MANDLI\\PROJECTS\\patternsbde.com\\vendor\\laravel\\framework\\src\\Illuminate\\Routing\\Router.php(680): Illuminate\\Routing\\Route->run()
#11 Z:\\NIRAV MANDLI\\PROJECTS\\patternsbde.com\\vendor\\laravel\\framework\\src\\Illuminate\\Routing\\Pipeline.php(30): Illuminate\\Routing\\Router->Illuminate\\Routing\\{closure}(Object(Illuminate\\Http\\Request))
#12 Z:\\NIRAV MANDLI\\PROJECTS\\patternsbde.com\\vendor\\laravel\\framework\\src\\Illuminate\\Routing\\Middleware\\SubstituteBindings.php(41): Illuminate\\Routing\\Pipeline->Illuminate\\Routing\\{closure}(Object(Illuminate\\Http\\Request))
#13 Z:\\NIRAV MANDLI\\PROJECTS\\patternsbde.com\\vendor\\laravel\\framework\\src\\Illuminate\\Pipeline\\Pipeline.php(163): Illuminate\\Routing\\Middleware\\SubstituteBindings->handle(Object(Illuminate\\Http\\Request), Object(Closure))
#14 Z:\\NIRAV MANDLI\\PROJECTS\\patternsbde.com\\vendor\\laravel\\framework\\src\\Illuminate\\Routing\\Pipeline.php(53): Illuminate\\Pipeline\\Pipeline->Illuminate\\Pipeline\\{closure}(Object(Illuminate\\Http\\Request))
#15 Z:\\NIRAV MANDLI\\PROJECTS\\patternsbde.com\\vendor\\laravel\\framework\\src\\Illuminate\\Foundation\\Http\\Middleware\\VerifyCsrfToken.php(75): Illuminate\\Routing\\Pipeline->Illuminate\\Routing\\{closure}(Object(Illuminate\\Http\\Request))
#16 Z:\\NIRAV MANDLI\\PROJECTS\\patternsbde.com\\vendor\\laravel\\framework\\src\\Illuminate\\Pipeline\\Pipeline.php(163): Illuminate\\Foundation\\Http\\Middleware\\VerifyCsrfToken->handle(Object(Illuminate\\Http\\Request), Object(Closure))
#17 Z:\\NIRAV MANDLI\\PROJECTS\\patternsbde.com\\vendor\\laravel\\framework\\src\\Illuminate\\Routing\\Pipeline.php(53): Illuminate\\Pipeline\\Pipeline->Illuminate\\Pipeline\\{closure}(Object(Illuminate\\Http\\Request))
#18 Z:\\NIRAV MANDLI\\PROJECTS\\patternsbde.com\\vendor\\laravel\\framework\\src\\Illuminate\\View\\Middleware\\ShareErrorsFromSession.php(49): Illuminate\\Routing\\Pipeline->Illuminate\\Routing\\{closure}(Object(Illuminate\\Http\\Request))
#19 Z:\\NIRAV MANDLI\\PROJECTS\\patternsbde.com\\vendor\\laravel\\framework\\src\\Illuminate\\Pipeline\\Pipeline.php(163): Illuminate\\View\\Middleware\\ShareErrorsFromSession->handle(Object(Illuminate\\Http\\Request), Object(Closure))
#20 Z:\\NIRAV MANDLI\\PROJECTS\\patternsbde.com\\vendor\\laravel\\framework\\src\\Illuminate\\Routing\\Pipeline.php(53): Illuminate\\Pipeline\\Pipeline->Illuminate\\Pipeline\\{closure}(Object(Illuminate\\Http\\Request))
#21 Z:\\NIRAV MANDLI\\PROJECTS\\patternsbde.com\\vendor\\laravel\\framework\\src\\Illuminate\\Session\\Middleware\\StartSession.php(56): Illuminate\\Routing\\Pipeline->Illuminate\\Routing\\{closure}(Object(Illuminate\\Http\\Request))
#22 Z:\\NIRAV MANDLI\\PROJECTS\\patternsbde.com\\vendor\\laravel\\framework\\src\\Illuminate\\Pipeline\\Pipeline.php(163): Illuminate\\Session\\Middleware\\StartSession->handle(Object(Illuminate\\Http\\Request), Object(Closure))
#23 Z:\\NIRAV MANDLI\\PROJECTS\\patternsbde.com\\vendor\\laravel\\framework\\src\\Illuminate\\Routing\\Pipeline.php(53): Illuminate\\Pipeline\\Pipeline->Illuminate\\Pipeline\\{closure}(Object(Illuminate\\Http\\Request))
#24 Z:\\NIRAV MANDLI\\PROJECTS\\patternsbde.com\\vendor\\laravel\\framework\\src\\Illuminate\\Cookie\\Middleware\\AddQueuedCookiesToResponse.php(37): Illuminate\\Routing\\Pipeline->Illuminate\\Routing\\{closure}(Object(Illuminate\\Http\\Request))
#25 Z:\\NIRAV MANDLI\\PROJECTS\\patternsbde.com\\vendor\\laravel\\framework\\src\\Illuminate\\Pipeline\\Pipeline.php(163): Illuminate\\Cookie\\Middleware\\AddQueuedCookiesToResponse->handle(Object(Illuminate\\Http\\Request), Object(Closure))
#26 Z:\\NIRAV MANDLI\\PROJECTS\\patternsbde.com\\vendor\\laravel\\framework\\src\\Illuminate\\Routing\\Pipeline.php(53): Illuminate\\Pipeline\\Pipeline->Illuminate\\Pipeline\\{closure}(Object(Illuminate\\Http\\Request))
#27 Z:\\NIRAV MANDLI\\PROJECTS\\patternsbde.com\\vendor\\laravel\\framework\\src\\Illuminate\\Cookie\\Middleware\\EncryptCookies.php(66): Illuminate\\Routing\\Pipeline->Illuminate\\Routing\\{closure}(Object(Illuminate\\Http\\Request))
#28 Z:\\NIRAV MANDLI\\PROJECTS\\patternsbde.com\\vendor\\laravel\\framework\\src\\Illuminate\\Pipeline\\Pipeline.php(163): Illuminate\\Cookie\\Middleware\\EncryptCookies->handle(Object(Illuminate\\Http\\Request), Object(Closure))
#29 Z:\\NIRAV MANDLI\\PROJECTS\\patternsbde.com\\vendor\\laravel\\framework\\src\\Illuminate\\Routing\\Pipeline.php(53): Illuminate\\Pipeline\\Pipeline->Illuminate\\Pipeline\\{closure}(Object(Illuminate\\Http\\Request))
#30 Z:\\NIRAV MANDLI\\PROJECTS\\patternsbde.com\\vendor\\laravel\\framework\\src\\Illuminate\\Pipeline\\Pipeline.php(104): Illuminate\\Routing\\Pipeline->Illuminate\\Routing\\{closure}(Object(Illuminate\\Http\\Request))
#31 Z:\\NIRAV MANDLI\\PROJECTS\\patternsbde.com\\vendor\\laravel\\framework\\src\\Illuminate\\Routing\\Router.php(682): Illuminate\\Pipeline\\Pipeline->then(Object(Closure))
#32 Z:\\NIRAV MANDLI\\PROJECTS\\patternsbde.com\\vendor\\laravel\\framework\\src\\Illuminate\\Routing\\Router.php(657): Illuminate\\Routing\\Router->runRouteWithinStack(Object(Illuminate\\Routing\\Route), Object(Illuminate\\Http\\Request))
#33 Z:\\NIRAV MANDLI\\PROJECTS\\patternsbde.com\\vendor\\laravel\\framework\\src\\Illuminate\\Routing\\Router.php(623): Illuminate\\Routing\\Router->runRoute(Object(Illuminate\\Http\\Request), Object(Illuminate\\Routing\\Route))
#34 Z:\\NIRAV MANDLI\\PROJECTS\\patternsbde.com\\vendor\\laravel\\framework\\src\\Illuminate\\Routing\\Router.php(612): Illuminate\\Routing\\Router->dispatchToRoute(Object(Illuminate\\Http\\Request))
#35 Z:\\NIRAV MANDLI\\PROJECTS\\patternsbde.com\\vendor\\laravel\\framework\\src\\Illuminate\\Foundation\\Http\\Kernel.php(176): Illuminate\\Routing\\Router->dispatch(Object(Illuminate\\Http\\Request))
#36 Z:\\NIRAV MANDLI\\PROJECTS\\patternsbde.com\\vendor\\laravel\\framework\\src\\Illuminate\\Routing\\Pipeline.php(30): Illuminate\\Foundation\\Http\\Kernel->Illuminate\\Foundation\\Http\\{closure}(Object(Illuminate\\Http\\Request))
#37 Z:\\NIRAV MANDLI\\PROJECTS\\patternsbde.com\\vendor\\laravel\\framework\\src\\Illuminate\\Foundation\\Http\\Middleware\\TransformsRequest.php(21): Illuminate\\Routing\\Pipeline->Illuminate\\Routing\\{closure}(Object(Illuminate\\Http\\Request))
#38 Z:\\NIRAV MANDLI\\PROJECTS\\patternsbde.com\\vendor\\laravel\\framework\\src\\Illuminate\\Pipeline\\Pipeline.php(163): Illuminate\\Foundation\\Http\\Middleware\\TransformsRequest->handle(Object(Illuminate\\Http\\Request), Object(Closure))
#39 Z:\\NIRAV MANDLI\\PROJECTS\\patternsbde.com\\vendor\\laravel\\framework\\src\\Illuminate\\Routing\\Pipeline.php(53): Illuminate\\Pipeline\\Pipeline->Illuminate\\Pipeline\\{closure}(Object(Illuminate\\Http\\Request))
#40 Z:\\NIRAV MANDLI\\PROJECTS\\patternsbde.com\\vendor\\laravel\\framework\\src\\Illuminate\\Foundation\\Http\\Middleware\\TransformsRequest.php(21): Illuminate\\Routing\\Pipeline->Illuminate\\Routing\\{closure}(Object(Illuminate\\Http\\Request))
#41 Z:\\NIRAV MANDLI\\PROJECTS\\patternsbde.com\\vendor\\laravel\\framework\\src\\Illuminate\\Pipeline\\Pipeline.php(163): Illuminate\\Foundation\\Http\\Middleware\\TransformsRequest->handle(Object(Illuminate\\Http\\Request), Object(Closure))
#42 Z:\\NIRAV MANDLI\\PROJECTS\\patternsbde.com\\vendor\\laravel\\framework\\src\\Illuminate\\Routing\\Pipeline.php(53): Illuminate\\Pipeline\\Pipeline->Illuminate\\Pipeline\\{closure}(Object(Illuminate\\Http\\Request))
#43 Z:\\NIRAV MANDLI\\PROJECTS\\patternsbde.com\\vendor\\laravel\\framework\\src\\Illuminate\\Foundation\\Http\\Middleware\\ValidatePostSize.php(27): Illuminate\\Routing\\Pipeline->Illuminate\\Routing\\{closure}(Object(Illuminate\\Http\\Request))
#44 Z:\\NIRAV MANDLI\\PROJECTS\\patternsbde.com\\vendor\\laravel\\framework\\src\\Illuminate\\Pipeline\\Pipeline.php(163): Illuminate\\Foundation\\Http\\Middleware\\ValidatePostSize->handle(Object(Illuminate\\Http\\Request), Object(Closure))
#45 Z:\\NIRAV MANDLI\\PROJECTS\\patternsbde.com\\vendor\\laravel\\framework\\src\\Illuminate\\Routing\\Pipeline.php(53): Illuminate\\Pipeline\\Pipeline->Illuminate\\Pipeline\\{closure}(Object(Illuminate\\Http\\Request))
#46 Z:\\NIRAV MANDLI\\PROJECTS\\patternsbde.com\\vendor\\laravel\\framework\\src\\Illuminate\\Foundation\\Http\\Middleware\\CheckForMaintenanceMode.php(62): Illuminate\\Routing\\Pipeline->Illuminate\\Routing\\{closure}(Object(Illuminate\\Http\\Request))
#47 Z:\\NIRAV MANDLI\\PROJECTS\\patternsbde.com\\vendor\\laravel\\framework\\src\\Illuminate\\Pipeline\\Pipeline.php(163): Illuminate\\Foundation\\Http\\Middleware\\CheckForMaintenanceMode->handle(Object(Illuminate\\Http\\Request), Object(Closure))
#48 Z:\\NIRAV MANDLI\\PROJECTS\\patternsbde.com\\vendor\\laravel\\framework\\src\\Illuminate\\Routing\\Pipeline.php(53): Illuminate\\Pipeline\\Pipeline->Illuminate\\Pipeline\\{closure}(Object(Illuminate\\Http\\Request))
#49 Z:\\NIRAV MANDLI\\PROJECTS\\patternsbde.com\\vendor\\fideloper\\proxy\\src\\TrustProxies.php(57): Illuminate\\Routing\\Pipeline->Illuminate\\Routing\\{closure}(Object(Illuminate\\Http\\Request))
#50 Z:\\NIRAV MANDLI\\PROJECTS\\patternsbde.com\\vendor\\laravel\\framework\\src\\Illuminate\\Pipeline\\Pipeline.php(163): Fideloper\\Proxy\\TrustProxies->handle(Object(Illuminate\\Http\\Request), Object(Closure))
#51 Z:\\NIRAV MANDLI\\PROJECTS\\patternsbde.com\\vendor\\laravel\\framework\\src\\Illuminate\\Routing\\Pipeline.php(53): Illuminate\\Pipeline\\Pipeline->Illuminate\\Pipeline\\{closure}(Object(Illuminate\\Http\\Request))
#52 Z:\\NIRAV MANDLI\\PROJECTS\\patternsbde.com\\vendor\\laravel\\framework\\src\\Illuminate\\Pipeline\\Pipeline.php(104): Illuminate\\Routing\\Pipeline->Illuminate\\Routing\\{closure}(Object(Illuminate\\Http\\Request))
#53 Z:\\NIRAV MANDLI\\PROJECTS\\patternsbde.com\\vendor\\laravel\\framework\\src\\Illuminate\\Foundation\\Http\\Kernel.php(151): Illuminate\\Pipeline\\Pipeline->then(Object(Closure))
#54 Z:\\NIRAV MANDLI\\PROJECTS\\patternsbde.com\\vendor\\laravel\\framework\\src\\Illuminate\\Foundation\\Http\\Kernel.php(116): Illuminate\\Foundation\\Http\\Kernel->sendRequestThroughRouter(Object(Illuminate\\Http\\Request))
#55 Z:\\NIRAV MANDLI\\PROJECTS\\patternsbde.com\\public\\index.php(59): Illuminate\\Foundation\\Http\\Kernel->handle(Object(Illuminate\\Http\\Request))
#56 Z:\\NIRAV MANDLI\\PROJECTS\\patternsbde.com\\server.php(21): require_once('Z:\\\\NIRAV MANDLI...')
#57 {main}
"} 
