[2022-05-09 18:06:00] local.ERROR: Call to undefined method App\Models\Role::middleware() {"exception":"[object] (BadMethodCallException(code: 0): Call to undefined method App\\Models\\Role::middleware() at Z:\\NIRAV MANDLI\\PROJECTS\\patternsbde.com\\vendor\\laravel\\framework\\src\\Illuminate\\Support\\Traits\\ForwardsCalls.php:50)
[stacktrace]
#0 Z:\\NIRAV MANDLI\\PROJECTS\\patternsbde.com\\vendor\\laravel\\framework\\src\\Illuminate\\Support\\Traits\\ForwardsCalls.php(36): Illuminate\\Database\\Eloquent\\Model::throwBadMethodCallException('middleware')
#1 Z:\\NIRAV MANDLI\\PROJECTS\\patternsbde.com\\vendor\\laravel\\framework\\src\\Illuminate\\Database\\Eloquent\\Model.php(1618): Illuminate\\Database\\Eloquent\\Model->forwardCallTo(Object(Illuminate\\Database\\Eloquent\\Builder), 'middleware', Array)
#2 Z:\\NIRAV MANDLI\\PROJECTS\\patternsbde.com\\vendor\\laravel\\framework\\src\\Illuminate\\Database\\Eloquent\\Model.php(1630): Illuminate\\Database\\Eloquent\\Model->__call('middleware', Array)
#3 Z:\\NIRAV MANDLI\\PROJECTS\\patternsbde.com\outes\\web.php(196): Illuminate\\Database\\Eloquent\\Model::__callStatic('middleware', Array)
#4 Z:\\NIRAV MANDLI\\PROJECTS\\patternsbde.com\\vendor\\laravel\\framework\\src\\Illuminate\\Routing\\RouteFileRegistrar.php(35): require('Z:\\\\NIRAV MANDLI...')
#5 Z:\\NIRAV MANDLI\\PROJECTS\\patternsbde.com\\vendor\\laravel\\framework\\src\\Illuminate\\Routing\\Router.php(415): Illuminate\\Routing\\RouteFileRegistrar->register('Z:\\\\NIRAV MANDLI...')
#6 Z:\\NIRAV MANDLI\\PROJECTS\\patternsbde.com\\vendor\\laravel\\framework\\src\\Illuminate\\Routing\\Router.php(373): Illuminate\\Routing\\Router->loadRoutes('Z:\\\\NIRAV MANDLI...')
#7 Z:\\NIRAV MANDLI\\PROJECTS\\patternsbde.com\\vendor\\laravel\\framework\\src\\Illuminate\\Routing\\RouteRegistrar.php(121): Illuminate\\Routing\\Router->group(Array, 'Z:\\\\NIRAV MANDLI...')
#8 Z:\\NIRAV MANDLI\\PROJECTS\\patternsbde.com\\app\\Providers\\RouteServiceProvider.php(56): Illuminate\\Routing\\RouteRegistrar->group('Z:\\\\NIRAV MANDLI...')
#9 Z:\\NIRAV MANDLI\\PROJECTS\\patternsbde.com\\app\\Providers\\RouteServiceProvider.php(40): App\\Providers\\RouteServiceProvider->mapWebRoutes()
#10 [internal function]: App\\Providers\\RouteServiceProvider->map()
#11 Z:\\NIRAV MANDLI\\PROJECTS\\patternsbde.com\\vendor\\laravel\\framework\\src\\Illuminate\\Container\\BoundMethod.php(32): call_user_func_array(Array, Array)
#12 Z:\\NIRAV MANDLI\\PROJECTS\\patternsbde.com\\vendor\\laravel\\framework\\src\\Illuminate\\Container\\BoundMethod.php(90): Illuminate\\Container\\BoundMethod::Illuminate\\Container\\{closure}()
#13 Z:\\NIRAV MANDLI\\PROJECTS\\patternsbde.com\\vendor\\laravel\\framework\\src\\Illuminate\\Container\\BoundMethod.php(34): Illuminate\\Container\\BoundMethod::callBoundMethod(Object(Illuminate\\Foundation\\Application), Array, Object(Closure))
#14 Z:\\NIRAV MANDLI\\PROJECTS\\patternsbde.com\\vendor\\laravel\\framework\\src\\Illuminate\\Container\\Container.php(576): Illuminate\\Container\\BoundMethod::call(Object(Illuminate\\Foundation\\Application), Array, Array, NULL)
#15 Z:\\NIRAV MANDLI\\PROJECTS\\patternsbde.com\\vendor\\laravel\\framework\\src\\Illuminate\\Foundation\\Support\\Providers\\RouteServiceProvider.php(87): Illuminate\\Container\\Container->call(Array)
#16 Z:\\NIRAV MANDLI\\PROJECTS\\patternsbde.com\\vendor\\laravel\\framework\\src\\Illuminate\\Foundation\\Support\\Providers\\RouteServiceProvider.php(36): Illuminate\\Foundation\\Support\\Providers\\RouteServiceProvider->loadRoutes()
#17 Z:\\NIRAV MANDLI\\PROJECTS\\patternsbde.com\\app\\Providers\\RouteServiceProvider.php(28): Illuminate\\Foundation\\Support\\Providers\\RouteServiceProvider->boot()
#18 [internal function]: App\\Providers\\RouteServiceProvider->boot()
#19 Z:\\NIRAV MANDLI\\PROJECTS\\patternsbde.com\\vendor\\laravel\\framework\\src\\Illuminate\\Container\\BoundMethod.php(32): call_user_func_array(Array, Array)
#20 Z:\\NIRAV MANDLI\\PROJECTS\\patternsbde.com\\vendor\\laravel\\framework\\src\\Illuminate\\Container\\BoundMethod.php(90): Illuminate\\Container\\BoundMethod::Illuminate\\Container\\{closure}()
#21 Z:\\NIRAV MANDLI\\PROJECTS\\patternsbde.com\\vendor\\laravel\\framework\\src\\Illuminate\\Container\\BoundMethod.php(34): Illuminate\\Container\\BoundMethod::callBoundMethod(Object(Illuminate\\Foundation\\Application), Array, Object(Closure))
#22 Z:\\NIRAV MANDLI\\PROJECTS\\patternsbde.com\\vendor\\laravel\\framework\\src\\Illuminate\\Container\\Container.php(576): Illuminate\\Container\\BoundMethod::call(Object(Illuminate\\Foundation\\Application), Array, Array, NULL)
#23 Z:\\NIRAV MANDLI\\PROJECTS\\patternsbde.com\\vendor\\laravel\\framework\\src\\Illuminate\\Foundation\\Application.php(827): Illuminate\\Container\\Container->call(Array)
#24 Z:\\NIRAV MANDLI\\PROJECTS\\patternsbde.com\\vendor\\laravel\\framework\\src\\Illuminate\\Foundation\\Application.php(810): Illuminate\\Foundation\\Application->bootProvider(Object(App\\Providers\\RouteServiceProvider))
#25 [internal function]: Illuminate\\Foundation\\Application->Illuminate\\Foundation\\{closure}(Object(App\\Providers\\RouteServiceProvider), 25)
#26 Z:\\NIRAV MANDLI\\PROJECTS\\patternsbde.com\\vendor\\laravel\\framework\\src\\Illuminate\\Foundation\\Application.php(811): array_walk(Array, Object(Closure))
#27 Z:\\NIRAV MANDLI\\PROJECTS\\patternsbde.com\\vendor\\laravel\\framework\\src\\Illuminate\\Foundation\\Bootstrap\\BootProviders.php(17): Illuminate\\Foundation\\Application->boot()
#28 Z:\\NIRAV MANDLI\\PROJECTS\\patternsbde.com\\vendor\\laravel\\framework\\src\\Illuminate\\Foundation\\Application.php(210): Illuminate\\Foundation\\Bootstrap\\BootProviders->bootstrap(Object(Illuminate\\Foundation\\Application))
#29 Z:\\NIRAV MANDLI\\PROJECTS\\patternsbde.com\\vendor\\laravel\\framework\\src\\Illuminate\\Foundation\\Http\\Kernel.php(162): Illuminate\\Foundation\\Application->bootstrapWith(Array)
#30 Z:\\NIRAV MANDLI\\PROJECTS\\patternsbde.com\\vendor\\laravel\\framework\\src\\Illuminate\\Foundation\\Http\\Kernel.php(146): Illuminate\\Foundation\\Http\\Kernel->bootstrap()
#31 Z:\\NIRAV MANDLI\\PROJECTS\\patternsbde.com\\vendor\\laravel\\framework\\src\\Illuminate\\Foundation\\Http\\Kernel.php(116): Illuminate\\Foundation\\Http\\Kernel->sendRequestThroughRouter(Object(Illuminate\\Http\\Request))
#32 Z:\\NIRAV MANDLI\\PROJECTS\\patternsbde.com\\public\\index.php(59): Illuminate\\Foundation\\Http\\Kernel->handle(Object(Illuminate\\Http\\Request))
#33 Z:\\NIRAV MANDLI\\PROJECTS\\patternsbde.com\\server.php(21): require_once('Z:\\\\NIRAV MANDLI...')
#34 {main}
"} 
[2022-05-09 18:06:40] local.ERROR: Class UserProfileController does not exist {"exception":"[object] (ReflectionException(code: -1): Class UserProfileController does not exist at Z:\\NIRAV MANDLI\\PROJECTS\\patternsbde.com\\vendor\\laravel\\framework\\src\\Illuminate\\Container\\Container.php:788)
[stacktrace]
#0 Z:\\NIRAV MANDLI\\PROJECTS\\patternsbde.com\\vendor\\laravel\\framework\\src\\Illuminate\\Container\\Container.php(788): ReflectionClass->__construct('UserProfileCont...')
#1 Z:\\NIRAV MANDLI\\PROJECTS\\patternsbde.com\\vendor\\laravel\\framework\\src\\Illuminate\\Container\\Container.php(667): Illuminate\\Container\\Container->build('UserProfileCont...')
#2 Z:\\NIRAV MANDLI\\PROJECTS\\patternsbde.com\\vendor\\laravel\\framework\\src\\Illuminate\\Container\\Container.php(615): Illuminate\\Container\\Container->resolve('UserProfileCont...', Array)
#3 Z:\\NIRAV MANDLI\\PROJECTS\\patternsbde.com\\vendor\\laravel\\framework\\src\\Illuminate\\Foundation\\Application.php(767): Illuminate\\Container\\Container->make('UserProfileCont...', Array)
#4 Z:\\NIRAV MANDLI\\PROJECTS\\patternsbde.com\\vendor\\laravel\\framework\\src\\Illuminate\\Routing\\Route.php(233): Illuminate\\Foundation\\Application->make('UserProfileCont...')
#5 Z:\\NIRAV MANDLI\\PROJECTS\\patternsbde.com\\vendor\\laravel\\framework\\src\\Illuminate\\Routing\\Route.php(833): Illuminate\\Routing\\Route->getController()
#6 Z:\\NIRAV MANDLI\\PROJECTS\\patternsbde.com\\vendor\\laravel\\framework\\src\\Illuminate\\Routing\\Route.php(794): Illuminate\\Routing\\Route->controllerMiddleware()
#7 Z:\\NIRAV MANDLI\\PROJECTS\\patternsbde.com\\vendor\\laravel\\framework\\src\\Illuminate\\Routing\\Router.php(693): Illuminate\\Routing\\Route->gatherMiddleware()
#8 Z:\\NIRAV MANDLI\\PROJECTS\\patternsbde.com\\vendor\\laravel\\framework\\src\\Illuminate\\Routing\\Router.php(673): Illuminate\\Routing\\Router->gatherRouteMiddleware(Object(Illuminate\\Routing\\Route))
#9 Z:\\NIRAV MANDLI\\PROJECTS\\patternsbde.com\\vendor\\laravel\\framework\\src\\Illuminate\\Routing\\Router.php(657): Illuminate\\Routing\\Router->runRouteWithinStack(Object(Illuminate\\Routing\\Route), Object(Illuminate\\Http\\Request))
#10 Z:\\NIRAV MANDLI\\PROJECTS\\patternsbde.com\\vendor\\laravel\\framework\\src\\Illuminate\\Routing\\Router.php(623): Illuminate\\Routing\\Router->runRoute(Object(Illuminate\\Http\\Request), Object(Illuminate\\Routing\\Route))
#11 Z:\\NIRAV MANDLI\\PROJECTS\\patternsbde.com\\vendor\\laravel\\framework\\src\\Illuminate\\Routing\\Router.php(612): Illuminate\\Routing\\Router->dispatchToRoute(Object(Illuminate\\Http\\Request))
#12 Z:\\NIRAV MANDLI\\PROJECTS\\patternsbde.com\\vendor\\laravel\\framework\\src\\Illuminate\\Foundation\\Http\\Kernel.php(176): Illuminate\\Routing\\Router->dispatch(Object(Illuminate\\Http\\Request))
#13 Z:\\NIRAV MANDLI\\PROJECTS\\patternsbde.com\\vendor\\laravel\\framework\\src\\Illuminate\\Routing\\Pipeline.php(30): Illuminate\\Foundation\\Http\\Kernel->Illuminate\\Foundation\\Http\\{closure}(Object(Illuminate\\Http\\Request))
#14 Z:\\NIRAV MANDLI\\PROJECTS\\patternsbde.com\\vendor\\laravel\\framework\\src\\Illuminate\\Foundation\\Http\\Middleware\\TransformsRequest.php(21): Illuminate\\Routing\\Pipeline->Illuminate\\Routing\\{closure}(Object(Illuminate\\Http\\Request))
#15 Z:\\NIRAV MANDLI\\PROJECTS\\patternsbde.com\\vendor\\laravel\\framework\\src\\Illuminate\\Pipeline\\Pipeline.php(163): Illuminate\\Foundation\\Http\\Middleware\\TransformsRequest->handle(Object(Illuminate\\Http\\Request), Object(Closure))
#16 Z:\\NIRAV MANDLI\\PROJECTS\\patternsbde.com\\vendor\\laravel\\framework\\src\\Illuminate\\Routing\\Pipeline.php(53): Illuminate\\Pipeline\\Pipeline->Illuminate\\Pipeline\\{closure}(Object(Illuminate\\Http\\Request))
#17 Z:\\NIRAV MANDLI\\PROJECTS\\patternsbde.com\\vendor\\laravel\\framework\\src\\Illuminate\\Foundation\\Http\\Middleware\\TransformsRequest.php(21): Illuminate\\Routing\\Pipeline->Illuminate\\Routing\\{closure}(Object(Illuminate\\Http\\Request))
#18 Z:\\NIRAV MANDLI\\PROJECTS\\patternsbde.com\\vendor\\laravel\\framework\\src\\Illuminate\\Pipeline\\Pipeline.php(163): Illuminate\\Foundation\\Http\\Middleware\\TransformsRequest->handle(Object(Illuminate\\Http\\Request), Object(Closure))
#19 Z:\\NIRAV MANDLI\\PROJECTS\\patternsbde.com\\vendor\\laravel\\framework\\src\\Illuminate\\Routing\\Pipeline.php(53): Illuminate\\Pipeline\\Pipeline->Illuminate\\Pipeline\\{closure}(Object(Illuminate\\Http\\Request))
#20 Z:\\NIRAV MANDLI\\PROJECTS\\patternsbde.com\\vendor\\laravel\\framework\\src\\Illuminate\\Foundation\\Http\\Middleware\\ValidatePostSize.php(27): Illuminate\\Routing\\Pipeline->Illuminate\\Routing\\{closure}(Object(Illuminate\\Http\\Request))
#21 Z:\\NIRAV MANDLI\\PROJECTS\\patternsbde.com\\vendor\\laravel\\framework\\src\\Illuminate\\Pipeline\\Pipeline.php(163): Illuminate\\Foundation\\Http\\Middleware\\ValidatePostSize->handle(Object(Illuminate\\Http\\Request), Object(Closure))
#22 Z:\\NIRAV MANDLI\\PROJECTS\\patternsbde.com\\vendor\\laravel\\framework\\src\\Illuminate\\Routing\\Pipeline.php(53): Illuminate\\Pipeline\\Pipeline->Illuminate\\Pipeline\\{closure}(Object(Illuminate\\Http\\Request))
#23 Z:\\NIRAV MANDLI\\PROJECTS\\patternsbde.com\\vendor\\laravel\\framework\\src\\Illuminate\\Foundation\\Http\\Middleware\\CheckForMaintenanceMode.php(62): Illuminate\\Routing\\Pipeline->Illuminate\\Routing\\{closure}(Object(Illuminate\\Http\\Request))
#24 Z:\\NIRAV MANDLI\\PROJECTS\\patternsbde.com\\vendor\\laravel\\framework\\src\\Illuminate\\Pipeline\\Pipeline.php(163): Illuminate\\Foundation\\Http\\Middleware\\CheckForMaintenanceMode->handle(Object(Illuminate\\Http\\Request), Object(Closure))
#25 Z:\\NIRAV MANDLI\\PROJECTS\\patternsbde.com\\vendor\\laravel\\framework\\src\\Illuminate\\Routing\\Pipeline.php(53): Illuminate\\Pipeline\\Pipeline->Illuminate\\Pipeline\\{closure}(Object(Illuminate\\Http\\Request))
#26 Z:\\NIRAV MANDLI\\PROJECTS\\patternsbde.com\\vendor\\fideloper\\proxy\\src\\TrustProxies.php(57): Illuminate\\Routing\\Pipeline->Illuminate\\Routing\\{closure}(Object(Illuminate\\Http\\Request))
#27 Z:\\NIRAV MANDLI\\PROJECTS\\patternsbde.com\\vendor\\laravel\\framework\\src\\Illuminate\\Pipeline\\Pipeline.php(163): Fideloper\\Proxy\\TrustProxies->handle(Object(Illuminate\\Http\\Request), Object(Closure))
#28 Z:\\NIRAV MANDLI\\PROJECTS\\patternsbde.com\\vendor\\laravel\\framework\\src\\Illuminate\\Routing\\Pipeline.php(53): Illuminate\\Pipeline\\Pipeline->Illuminate\\Pipeline\\{closure}(Object(Illuminate\\Http\\Request))
#29 Z:\\NIRAV MANDLI\\PROJECTS\\patternsbde.com\\vendor\\laravel\\framework\\src\\Illuminate\\Pipeline\\Pipeline.php(104): Illuminate\\Routing\\Pipeline->Illuminate\\Routing\\{closure}(Object(Illuminate\\Http\\Request))
#30 Z:\\NIRAV MANDLI\\PROJECTS\\patternsbde.com\\vendor\\laravel\\framework\\src\\Illuminate\\Foundation\\Http\\Kernel.php(151): Illuminate\\Pipeline\\Pipeline->then(Object(Closure))
#31 Z:\\NIRAV MANDLI\\PROJECTS\\patternsbde.com\\vendor\\laravel\\framework\\src\\Illuminate\\Foundation\\Http\\Kernel.php(116): Illuminate\\Foundation\\Http\\Kernel->sendRequestThroughRouter(Object(Illuminate\\Http\\Request))
#32 Z:\\NIRAV MANDLI\\PROJECTS\\patternsbde.com\\public\\index.php(59): Illuminate\\Foundation\\Http\\Kernel->handle(Object(Illuminate\\Http\\Request))
#33 Z:\\NIRAV MANDLI\\PROJECTS\\patternsbde.com\\server.php(21): require_once('Z:\\\\NIRAV MANDLI...')
#34 {main}
"} 
